2024-10-08 14:14:54.7150 {restartedMain} INFO  c.e.traffic_system.TrafficSystemApplication -Starting TrafficSystemApplication using Java 21.0.4 with PID 1589339 (/home/ym/traffic-master/traffic-system/target/classes started by root in /home/ym/traffic-master)
2024-10-08 14:14:54.7170 {restartedMain} INFO  c.e.traffic_system.TrafficSystemApplication -The following 1 profile is active: "dev"
2024-10-08 14:14:54.7600 {restartedMain} INFO  o.s.b.d.env.DevToolsPropertyDefaultsPostProcessor -Devtools property defaults active! Set 'spring.devtools.add-properties' to 'false' to disable
2024-10-08 14:14:54.7610 {restartedMain} INFO  o.s.b.d.env.DevToolsPropertyDefaultsPostProcessor -For additional web related logging consider setting the 'logging.level.web' property to 'DEBUG'
2024-10-08 14:14:55.4010 {restartedMain} INFO  o.s.d.r.config.RepositoryConfigurationDelegate -Bootstrapping Spring Data JPA repositories in DEFAULT mode.
2024-10-08 14:14:55.4510 {restartedMain} INFO  o.s.d.r.config.RepositoryConfigurationDelegate -Finished Spring Data repository scanning in 43 ms. Found 1 JPA repository interface.
2024-10-08 14:14:55.9810 {restartedMain} INFO  o.s.boot.web.embedded.tomcat.TomcatWebServer -Tomcat initialized with port 8080 (http)
2024-10-08 14:14:55.9910 {restartedMain} INFO  org.apache.coyote.http11.Http11NioProtocol -Initializing ProtocolHandler ["http-nio-8080"]
2024-10-08 14:14:55.9950 {restartedMain} INFO  org.apache.catalina.core.StandardService -Starting service [Tomcat]
2024-10-08 14:14:55.9960 {restartedMain} INFO  org.apache.catalina.core.StandardEngine -Starting Servlet engine: [Apache Tomcat/10.1.30]
2024-10-08 14:14:56.0280 {restartedMain} INFO  o.a.c.core.ContainerBase.[Tomcat].[localhost].[/] -Initializing Spring embedded WebApplicationContext
2024-10-08 14:14:56.0290 {restartedMain} INFO  o.s.b.w.s.c.ServletWebServerApplicationContext -Root WebApplicationContext: initialization completed in 1267 ms
2024-10-08 14:14:56.1550 {restartedMain} INFO  com.zaxxer.hikari.HikariDataSource -HikariPool-1 - Starting...
2024-10-08 14:14:56.5640 {restartedMain} INFO  com.zaxxer.hikari.pool.HikariPool -HikariPool-1 - Added connection com.mysql.cj.jdbc.ConnectionImpl@130df4ba
2024-10-08 14:14:56.5660 {restartedMain} INFO  com.zaxxer.hikari.HikariDataSource -HikariPool-1 - Start completed.
2024-10-08 14:14:56.6090 {restartedMain} INFO  org.hibernate.jpa.internal.util.LogHelper -HHH000204: Processing PersistenceUnitInfo [name: default]
2024-10-08 14:14:56.6550 {restartedMain} INFO  org.hibernate.Version -HHH000412: Hibernate ORM core version 6.5.3.Final
2024-10-08 14:14:56.6860 {restartedMain} INFO  o.hibernate.cache.internal.RegionFactoryInitiator -HHH000026: Second-level cache disabled
2024-10-08 14:14:56.9280 {restartedMain} INFO  o.s.o.j.persistenceunit.SpringPersistenceUnitInfo -No LoadTimeWeaver setup: ignoring JPA class transformer
2024-10-08 14:14:57.6120 {restartedMain} INFO  o.h.e.t.jta.platform.internal.JtaPlatformInitiator -HHH000489: No JTA platform available (set 'hibernate.transaction.jta.platform' to enable JTA platform integration)
2024-10-08 14:14:57.6140 {restartedMain} INFO  o.s.orm.jpa.LocalContainerEntityManagerFactoryBean -Initialized JPA EntityManagerFactory for persistence unit 'default'
2024-10-08 14:14:57.6260 {restartedMain} WARN  o.s.b.w.s.c.AnnotationConfigServletWebServerApplicationContext -Exception encountered during context initialization - cancelling refresh attempt: org.springframework.beans.factory.UnsatisfiedDependencyException: Error creating bean with name 'userController': Unsatisfied dependency expressed through field 'userService': No qualifying bean of type 'com.everpower.traffic_system.service.UserService' available: expected at least 1 bean which qualifies as autowire candidate. Dependency annotations: {@org.springframework.beans.factory.annotation.Autowired(required=true)}
2024-10-08 14:14:57.6270 {restartedMain} INFO  o.s.orm.jpa.LocalContainerEntityManagerFactoryBean -Closing JPA EntityManagerFactory for persistence unit 'default'
2024-10-08 14:14:57.6300 {restartedMain} INFO  com.zaxxer.hikari.HikariDataSource -HikariPool-1 - Shutdown initiated...
2024-10-08 14:14:57.6400 {restartedMain} INFO  com.zaxxer.hikari.HikariDataSource -HikariPool-1 - Shutdown completed.
2024-10-08 14:14:57.6420 {restartedMain} INFO  org.apache.catalina.core.StandardService -Stopping service [Tomcat]
2024-10-08 14:14:57.6550 {restartedMain} INFO  o.s.b.a.logging.ConditionEvaluationReportLogger -

Error starting ApplicationContext. To display the condition evaluation report re-run your application with 'debug' enabled.
2024-10-08 14:14:57.6760 {restartedMain} ERROR o.s.b.diagnostics.LoggingFailureAnalysisReporter -

***************************
APPLICATION FAILED TO START
***************************

Description:

Field userService in com.everpower.traffic_system.web.UserController required a bean of type 'com.everpower.traffic_system.service.UserService' that could not be found.

The injection point has the following annotations:
	- @org.springframework.beans.factory.annotation.Autowired(required=true)


Action:

Consider defining a bean of type 'com.everpower.traffic_system.service.UserService' in your configuration.

